2026-04-13 01:32:57,054 - moderngl_window - INFO - Attempting to load window class: moderngl_window.context.headless.Window
2026-04-13 01:32:57,202 - moderngl_window.context.base.window - INFO - Context Version:
2026-04-13 01:32:57,204 - moderngl_window.context.base.window - INFO - ModernGL: 5.8.2
2026-04-13 01:32:57,207 - moderngl_window.context.base.window - INFO - vendor: NVIDIA Corporation
2026-04-13 01:32:57,209 - moderngl_window.context.base.window - INFO - renderer: NVIDIA GeForce RTX 5070/PCIe/SSE2
2026-04-13 01:32:57,212 - moderngl_window.context.base.window - INFO - version: 4.5.0 NVIDIA 591.86
2026-04-13 01:32:57,214 - moderngl_window.context.base.window - INFO - python: 3.9.0 (tags/v3.9.0:9cf6752, Oct  5 2020, 15:34:40) [MSC v.1927 64 bit (AMD64)]
2026-04-13 01:32:57,214 - moderngl_window.context.base.window - INFO - platform: win32
2026-04-13 01:32:57,214 - moderngl_window.context.base.window - INFO - code: 450
2026-04-13 01:32:57,217 - moderngl_window.loaders.program.separate - INFO - Loading: D:\realtimeSimulation\shaders\quad.vert
2026-04-13 01:32:57,218 - moderngl_window.loaders.program.separate - INFO - Loading: D:\realtimeSimulation\shaders\life_update.frag
2026-04-13 01:32:57,267 - moderngl_window.loaders.program.separate - INFO - Loading: D:\realtimeSimulation\shaders\quad.vert
2026-04-13 01:32:57,267 - moderngl_window.loaders.program.separate - INFO - Loading: D:\realtimeSimulation\shaders\life_display.frag
2026-04-13 01:32:57,302 - moderngl_window.loaders.program.separate - INFO - Loading: D:\realtimeSimulation\shaders\quad.vert
2026-04-13 01:32:57,303 - moderngl_window.loaders.program.separate - INFO - Loading: D:\realtimeSimulation\shaders\present_texture.frag
Traceback (most recent call last):
  File "D:\realtimeSimulation\main.py", line 730, in <module>
    main()
  File "D:\realtimeSimulation\main.py", line 726, in main
    mglw.run_window_config(GarageHeatShow)
  File "D:\realtimeSimulation\.venv\lib\site-packages\moderngl_window\__init__.py", line 234, in run_window_config
    window.render(current_time, delta)
  File "D:\realtimeSimulation\.venv\lib\site-packages\moderngl_window\context\base\window.py", line 713, in render
    self.render_func(time, frame_time)
  File "D:\realtimeSimulation\main.py", line 654, in render
    self._render_display(animated_time)
  File "D:\realtimeSimulation\main.py", line 670, in _render_display
    self.ctx.screen.use()
AttributeError: 'NoneType' object has no attribute 'use'
